<?xml version="1.0" encoding="UTF-8"?>
<!-- Generated by org.testng.reporters.JUnitXMLReporter -->
<testsuite ignored="0" hostname="LAPTOP-FE8I8AGL" failures="0" tests="3" name="Default test(failed)" time="0.96" errors="0" timestamp="2021-08-22T16:07:13 IST">
  <testcase classname="com.qa.opencart.base.BaseTest" name="@BeforeTest setUp" time="-1.629628632513E9">
    <failure type="org.testng.TestNGException" message="
Parameter &amp;apos;version&amp;apos; is required by BeforeTest on method setUp but has not been marked @Optional or defined
in C:\Users\kumar\eclipse-workspace\ECommercePOM\test-output\testng-failed.xml">
      <![CDATA[org.testng.TestNGException: 
Parameter 'version' is required by BeforeTest on method setUp but has not been marked @Optional or defined
in C:\Users\kumar\eclipse-workspace\ECommercePOM\test-output\testng-failed.xml
... Removed 21 stack frames]]>
    </failure>
  </testcase> <!-- @BeforeTest setUp -->
  <testcase classname="com.qa.opencart.base.BaseTest" name="@AfterTest tearDown" time="-1.629628633421E9">
    <skipped/>
  </testcase> <!-- @AfterTest tearDown -->
  <testcase classname="com.qa.opencart.tests.LoginPageTest" name="LoginTest" time="0.0">
    <skipped/>
  </testcase> <!-- LoginTest -->
  <testcase classname="com.qa.opencart.tests.LoginPageTest" name="isForgotPwdLinkExist" time="0.0">
    <skipped/>
  </testcase> <!-- isForgotPwdLinkExist -->
  <testcase classname="com.qa.opencart.tests.LoginPageTest" name="LoginPageTitleTest" time="0.0">
    <skipped/>
  </testcase> <!-- LoginPageTitleTest -->
</testsuite> <!-- Default test(failed) -->
