{"name":"LoginPageTitleTest","status":"skipped","statusDetails":{"known":false,"muted":false,"flaky":false,"message":"Timed out waiting for driver server to start.\nBuild info: version: '3.141.59', revision: 'e82be7d358', time: '2018-11-14T08:17:03'\nSystem info: host: 'LAPTOP-FE8I8AGL', ip: '192.168.1.7', os.name: 'Windows 10', os.arch: 'amd64', os.version: '10.0', java.version: '16.0.1'\nDriver info: driver.version: ChromeDriver","trace":"org.openqa.selenium.WebDriverException: Timed out waiting for driver server to start.\nBuild info: version: '3.141.59', revision: 'e82be7d358', time: '2018-11-14T08:17:03'\nSystem info: host: 'LAPTOP-FE8I8AGL', ip: '192.168.1.7', os.name: 'Windows 10', os.arch: 'amd64', os.version: '10.0', java.version: '16.0.1'\nDriver info: driver.version: ChromeDriver\r\n\tat org.openqa.selenium.remote.service.DriverService.waitUntilAvailable(DriverService.java:202)\r\n\tat org.openqa.selenium.remote.service.DriverService.start(DriverService.java:188)\r\n\tat org.openqa.selenium.remote.service.DriverCommandExecutor.execute(DriverCommandExecutor.java:79)\r\n\tat org.openqa.selenium.remote.RemoteWebDriver.execute(RemoteWebDriver.java:552)\r\n\tat org.openqa.selenium.remote.RemoteWebDriver.startSession(RemoteWebDriver.java:213)\r\n\tat org.openqa.selenium.remote.RemoteWebDriver.<init>(RemoteWebDriver.java:131)\r\n\tat org.openqa.selenium.chrome.ChromeDriver.<init>(ChromeDriver.java:181)\r\n\tat org.openqa.selenium.chrome.ChromeDriver.<init>(ChromeDriver.java:168)\r\n\tat org.openqa.selenium.chrome.ChromeDriver.<init>(ChromeDriver.java:157)\r\n\tat com.qa.opencart.factory.DriverFactory.init_Driver(DriverFactory.java:45)\r\n\tat com.qa.opencart.base.BaseTest.setUp(BaseTest.java:39)\r\n\tat java.base/jdk.internal.reflect.NativeMethodAccessorImpl.invoke0(Native Method)\r\n\tat java.base/jdk.internal.reflect.NativeMethodAccessorImpl.invoke(NativeMethodAccessorImpl.java:78)\r\n\tat java.base/jdk.internal.reflect.DelegatingMethodAccessorImpl.invoke(DelegatingMethodAccessorImpl.java:43)\r\n\tat java.base/java.lang.reflect.Method.invoke(Method.java:567)\r\n\tat org.testng.internal.MethodInvocationHelper.invokeMethod(MethodInvocationHelper.java:124)\r\n\tat org.testng.internal.MethodInvocationHelper.invokeMethodConsideringTimeout(MethodInvocationHelper.java:59)\r\n\tat org.testng.internal.Invoker.invokeConfigurationMethod(Invoker.java:458)\r\n\tat org.testng.internal.Invoker.invokeConfigurations(Invoker.java:222)\r\n\tat org.testng.internal.Invoker.invokeConfigurations(Invoker.java:142)\r\n\tat org.testng.TestRunner.beforeRun(TestRunner.java:529)\r\n\tat org.testng.TestRunner.run(TestRunner.java:497)\r\n\tat org.testng.SuiteRunner.runTest(SuiteRunner.java:455)\r\n\tat org.testng.SuiteRunner.access$000(SuiteRunner.java:40)\r\n\tat org.testng.SuiteRunner$SuiteWorker.run(SuiteRunner.java:489)\r\n\tat org.testng.internal.thread.ThreadUtil$1.call(ThreadUtil.java:52)\r\n\tat java.base/java.util.concurrent.FutureTask.run(FutureTask.java:264)\r\n\tat java.base/java.util.concurrent.ThreadPoolExecutor.runWorker(ThreadPoolExecutor.java:1130)\r\n\tat java.base/java.util.concurrent.ThreadPoolExecutor$Worker.run(ThreadPoolExecutor.java:630)\r\n\tat java.base/java.lang.Thread.run(Thread.java:831)\r\nCaused by: org.openqa.selenium.net.UrlChecker$TimeoutException: Timed out waiting for [http://localhost:33940/status] to be available after 20038 ms\r\n\tat org.openqa.selenium.net.UrlChecker.waitUntilAvailable(UrlChecker.java:100)\r\n\tat org.openqa.selenium.remote.service.DriverService.waitUntilAvailable(DriverService.java:197)\r\n\t... 29 more\r\nCaused by: java.util.concurrent.TimeoutException\r\n\tat java.base/java.util.concurrent.FutureTask.get(FutureTask.java:204)\r\n\tat com.google.common.util.concurrent.SimpleTimeLimiter.callWithTimeout(SimpleTimeLimiter.java:156)\r\n\tat org.openqa.selenium.net.UrlChecker.waitUntilAvailable(UrlChecker.java:75)\r\n\t... 30 more\r\n"},"stage":"finished","steps":[],"attachments":[],"parameters":[{"name":"version","value":"64"},{"name":"browser","value":"chrome"}],"start":1632727372949,"stop":1632727372960,"uuid":"6aca2a23-b3e8-49a5-acd8-f53747e8e0da","historyId":"1b1b0009fb1e4657514764bfae5c186a","fullName":"com.qa.opencart.tests.LoginPageTest.LoginPageTitleTest","labels":[{"name":"package","value":"com.qa.opencart.tests.LoginPageTest"},{"name":"testClass","value":"com.qa.opencart.tests.LoginPageTest"},{"name":"testMethod","value":"LoginPageTitleTest"},{"name":"parentSuite","value":"Shop Cart Test automtion regression suite"},{"name":"suite","value":"Login page Test_chrome_64"},{"name":"subSuite","value":"com.qa.opencart.tests.LoginPageTest"},{"name":"host","value":"LAPTOP-FE8I8AGL"},{"name":"thread","value":"15880@LAPTOP-FE8I8AGL.TestNG-tests-3(19)"},{"name":"framework","value":"testng"},{"name":"language","value":"java"}],"links":[]}